<?xml version="1.0" encoding="UTF-8"?>
<testng-results skipped="0" failed="0" ignored="0" total="1" passed="1">
  <reporter-output>
  </reporter-output>
  <suite name="Default suite" duration-ms="114652" started-at="2020-04-27T20:27:04 IST" finished-at="2020-04-27T20:28:58 IST">
    <groups>
    </groups>
    <test name="Default test" duration-ms="114652" started-at="2020-04-27T20:27:04 IST" finished-at="2020-04-27T20:28:58 IST">
      <class name="endToEndMapprrCheckOutFlow.EndToEndMapprrCheckOutFlow.MapprrCheckoutTest">
        <test-method status="PASS" signature="checkoutTest()[pri:0, instance:endToEndMapprrCheckOutFlow.EndToEndMapprrCheckOutFlow.MapprrCheckoutTest@77ec78b9]" name="checkoutTest" duration-ms="114575" started-at="2020-04-27T20:27:04 IST" finished-at="2020-04-27T20:28:58 IST">
          <reporter-output>
          </reporter-output>
        </test-method> <!-- checkoutTest -->
      </class> <!-- endToEndMapprrCheckOutFlow.EndToEndMapprrCheckOutFlow.MapprrCheckoutTest -->
    </test> <!-- Default test -->
  </suite> <!-- Default suite -->
</testng-results>
